Processing...
processing:   0%|          | 0/8400 [00:00<?, ?it/s]processing:  55%|█████▍    | 4585/8400 [00:00<00:00, 45848.19it/s]processing: 100%|█████████▉| 8399/8400 [00:00<00:00, 46614.42it/s]
Done!
batches:   0%|          | 0/448 [00:00<?, ?it/s]batches:   0%|          | 0/448 [00:02<?, ?it/s]
Traceback (most recent call last):
  File "run.py", line 113, in <module>
    train(model, epoch, train_loader)
  File "run.py", line 68, in train
    end_point = model(data)
  File "/home/kunet.ae/100045495/miniconda3/envs/gnn/lib/python3.8/site-packages/torch/nn/modules/module.py", line 1110, in _call_impl
    return forward_call(*input, **kwargs)
  File "/l/proj/kuin0009/hussain/events/events_GNN/imports/NVSModel.py", line 82, in forward
    data = self.res_chunk[f'res_block{i+1}'](data)
  File "/home/kunet.ae/100045495/miniconda3/envs/gnn/lib/python3.8/site-packages/torch/nn/modules/module.py", line 1110, in _call_impl
    return forward_call(*input, **kwargs)
  File "/l/proj/kuin0009/hussain/events/events_GNN/imports/NVSModel.py", line 38, in forward
    data.x = F.elu(self.left_bn2(self.left_conv2(F.elu(self.left_bn1(self.left_conv1(data.x, data.edge_index, data.edge_attr))),
  File "/home/kunet.ae/100045495/miniconda3/envs/gnn/lib/python3.8/site-packages/torch/nn/modules/module.py", line 1110, in _call_impl
    return forward_call(*input, **kwargs)
  File "/home/kunet.ae/100045495/miniconda3/envs/gnn/lib/python3.8/site-packages/torch_geometric/nn/conv/spline_conv.py", line 138, in forward
    out = self.propagate(edge_index, x=x, edge_attr=edge_attr, size=size)
  File "/home/kunet.ae/100045495/miniconda3/envs/gnn/lib/python3.8/site-packages/torch_geometric/nn/conv/message_passing.py", line 391, in propagate
    out = self.aggregate(out, **aggr_kwargs)
  File "/home/kunet.ae/100045495/miniconda3/envs/gnn/lib/python3.8/site-packages/torch_geometric/nn/conv/message_passing.py", line 514, in aggregate
    return self.aggr_module(inputs, index, ptr=ptr, dim_size=dim_size,
  File "/home/kunet.ae/100045495/miniconda3/envs/gnn/lib/python3.8/site-packages/torch_geometric/nn/aggr/base.py", line 109, in __call__
    elif index.numel() > 0 and dim_size <= int(index.max()):
RuntimeError: CUDA error: an illegal memory access was encountered
CUDA kernel errors might be asynchronously reported at some other API call,so the stacktrace below might be incorrect.
For debugging consider passing CUDA_LAUNCH_BLOCKING=1.
